2025-04-07 23:15:02,580 - sqlalchemy.engine.Engine - INFO - select pg_catalog.version()
2025-04-07 23:15:02,582 - sqlalchemy.engine.Engine - INFO - [raw sql] ()
2025-04-07 23:15:02,918 - sqlalchemy.engine.Engine - INFO - select current_schema()
2025-04-07 23:15:02,918 - sqlalchemy.engine.Engine - INFO - [raw sql] ()
2025-04-07 23:15:03,113 - sqlalchemy.engine.Engine - INFO - show standard_conforming_strings
2025-04-07 23:15:03,113 - sqlalchemy.engine.Engine - INFO - [raw sql] ()
2025-04-07 23:15:03,274 - sqlalchemy.engine.Engine - INFO - BEGIN (implicit)
2025-04-07 23:15:03,276 - sqlalchemy.engine.Engine - INFO - SELECT users.id, users.email, users.hashed_password, users.is_active, users.is_superuser, users.is_verified, users.first_name, users.last_name 
FROM users 
WHERE users.id = $1::INTEGER
2025-04-07 23:15:03,295 - sqlalchemy.engine.Engine - INFO - [generated in 0.01222s] (1,)
2025-04-07 23:15:03,524 - sqlalchemy.engine.Engine - INFO - COMMIT
2025-04-07 23:15:03,777 - sqlalchemy.engine.Engine - INFO - BEGIN (implicit)
2025-04-07 23:15:03,777 - sqlalchemy.engine.Engine - INFO - SELECT users.id, users.email, users.hashed_password, users.is_active, users.is_superuser, users.is_verified, users.first_name, users.last_name 
FROM users 
WHERE users.id = $1::INTEGER
2025-04-07 23:15:03,777 - sqlalchemy.engine.Engine - INFO - [cached since 0.5004s ago] (1,)
2025-04-07 23:15:03,910 - sqlalchemy.engine.Engine - INFO - COMMIT
2025-04-07 23:15:33,388 - sqlalchemy.engine.Engine - INFO - BEGIN (implicit)
2025-04-07 23:15:33,388 - sqlalchemy.engine.Engine - INFO - SELECT users.id, users.email, users.hashed_password, users.is_active, users.is_superuser, users.is_verified, users.first_name, users.last_name 
FROM users 
WHERE users.id = $1::INTEGER
2025-04-07 23:15:33,388 - sqlalchemy.engine.Engine - INFO - [cached since 30.11s ago] (1,)
2025-04-07 23:15:41,630 - celery.backends.redis - ERROR - Connection to Redis lost: Retry (0/20) now.
2025-04-07 23:15:45,730 - celery.backends.redis - ERROR - Connection to Redis lost: Retry (1/20) in 1.00 second.
2025-04-07 23:15:50,788 - celery.backends.redis - ERROR - Connection to Redis lost: Retry (2/20) in 1.00 second.
2025-04-07 23:15:55,846 - celery.backends.redis - ERROR - Connection to Redis lost: Retry (3/20) in 1.00 second.
2025-04-07 23:16:00,888 - celery.backends.redis - ERROR - Connection to Redis lost: Retry (4/20) in 1.00 second.
2025-04-07 23:16:05,935 - celery.backends.redis - ERROR - Connection to Redis lost: Retry (5/20) in 1.00 second.
2025-04-07 23:16:10,972 - celery.backends.redis - ERROR - Connection to Redis lost: Retry (6/20) in 1.00 second.
2025-04-07 23:16:16,030 - celery.backends.redis - ERROR - Connection to Redis lost: Retry (7/20) in 1.00 second.
2025-04-07 23:16:21,055 - celery.backends.redis - ERROR - Connection to Redis lost: Retry (8/20) in 1.00 second.
2025-04-07 23:16:26,130 - celery.backends.redis - ERROR - Connection to Redis lost: Retry (9/20) in 1.00 second.
2025-04-07 23:16:31,210 - celery.backends.redis - ERROR - Connection to Redis lost: Retry (10/20) in 1.00 second.
2025-04-07 23:16:36,271 - celery.backends.redis - ERROR - Connection to Redis lost: Retry (11/20) in 1.00 second.
2025-04-07 23:16:41,313 - celery.backends.redis - ERROR - Connection to Redis lost: Retry (12/20) in 1.00 second.
2025-04-07 23:16:46,346 - celery.backends.redis - ERROR - Connection to Redis lost: Retry (13/20) in 1.00 second.
2025-04-07 23:16:51,398 - celery.backends.redis - ERROR - Connection to Redis lost: Retry (14/20) in 1.00 second.
2025-04-07 23:16:56,463 - celery.backends.redis - ERROR - Connection to Redis lost: Retry (15/20) in 1.00 second.
2025-04-07 23:17:01,487 - celery.backends.redis - ERROR - Connection to Redis lost: Retry (16/20) in 1.00 second.
2025-04-07 23:17:06,538 - celery.backends.redis - ERROR - Connection to Redis lost: Retry (17/20) in 1.00 second.
2025-04-07 23:17:11,572 - celery.backends.redis - ERROR - Connection to Redis lost: Retry (18/20) in 1.00 second.
2025-04-07 23:17:16,612 - celery.backends.redis - ERROR - Connection to Redis lost: Retry (19/20) in 1.00 second.
2025-04-07 23:21:55,522 - sqlalchemy.engine.Engine - INFO - select pg_catalog.version()
2025-04-07 23:21:55,522 - sqlalchemy.engine.Engine - INFO - [raw sql] ()
2025-04-07 23:21:55,724 - sqlalchemy.engine.Engine - INFO - select current_schema()
2025-04-07 23:21:55,726 - sqlalchemy.engine.Engine - INFO - [raw sql] ()
2025-04-07 23:21:55,891 - sqlalchemy.engine.Engine - INFO - show standard_conforming_strings
2025-04-07 23:21:55,891 - sqlalchemy.engine.Engine - INFO - [raw sql] ()
2025-04-07 23:21:56,011 - sqlalchemy.engine.Engine - INFO - BEGIN (implicit)
2025-04-07 23:21:56,013 - sqlalchemy.engine.Engine - INFO - SELECT users.id, users.email, users.hashed_password, users.is_active, users.is_superuser, users.is_verified, users.first_name, users.last_name 
FROM users 
WHERE users.id = $1::INTEGER
2025-04-07 23:21:56,023 - sqlalchemy.engine.Engine - INFO - [generated in 0.00242s] (1,)
2025-04-07 23:21:56,156 - sqlalchemy.engine.Engine - INFO - COMMIT
2025-04-07 23:21:56,457 - sqlalchemy.engine.Engine - INFO - BEGIN (implicit)
2025-04-07 23:21:56,457 - sqlalchemy.engine.Engine - INFO - SELECT users.id, users.email, users.hashed_password, users.is_active, users.is_superuser, users.is_verified, users.first_name, users.last_name 
FROM users 
WHERE users.id = $1::INTEGER
2025-04-07 23:21:56,457 - sqlalchemy.engine.Engine - INFO - [cached since 0.4457s ago] (1,)
2025-04-07 23:21:56,567 - sqlalchemy.engine.Engine - INFO - COMMIT
2025-04-07 23:22:26,251 - sqlalchemy.engine.Engine - INFO - BEGIN (implicit)
2025-04-07 23:22:26,252 - sqlalchemy.engine.Engine - INFO - SELECT users.id, users.email, users.hashed_password, users.is_active, users.is_superuser, users.is_verified, users.first_name, users.last_name 
FROM users 
WHERE users.id = $1::INTEGER
2025-04-07 23:22:26,253 - sqlalchemy.engine.Engine - INFO - [cached since 30.23s ago] (1,)
2025-04-07 23:22:26,376 - sqlalchemy.engine.Engine - INFO - COMMIT
2025-04-07 23:22:26,628 - sqlalchemy.engine.Engine - INFO - BEGIN (implicit)
2025-04-07 23:22:26,628 - sqlalchemy.engine.Engine - INFO - SELECT users.id, users.email, users.hashed_password, users.is_active, users.is_superuser, users.is_verified, users.first_name, users.last_name 
FROM users 
WHERE users.id = $1::INTEGER
2025-04-07 23:22:26,628 - sqlalchemy.engine.Engine - INFO - [cached since 30.61s ago] (1,)
2025-04-07 23:22:26,772 - sqlalchemy.engine.Engine - INFO - ROLLBACK
2025-04-07 23:25:31,343 - research_service - INFO - Initializing Celery worker
2025-04-07 23:27:13,998 - research_service - INFO - Initializing Celery worker
2025-04-07 23:28:00,531 - sqlalchemy.engine.Engine - INFO - select pg_catalog.version()
2025-04-07 23:28:00,531 - sqlalchemy.engine.Engine - INFO - [raw sql] ()
2025-04-07 23:28:00,975 - sqlalchemy.engine.Engine - INFO - select current_schema()
2025-04-07 23:28:00,975 - sqlalchemy.engine.Engine - INFO - [raw sql] ()
2025-04-07 23:28:01,178 - sqlalchemy.engine.Engine - INFO - show standard_conforming_strings
2025-04-07 23:28:01,178 - sqlalchemy.engine.Engine - INFO - [raw sql] ()
2025-04-07 23:28:01,330 - sqlalchemy.engine.Engine - INFO - BEGIN (implicit)
2025-04-07 23:28:01,332 - sqlalchemy.engine.Engine - INFO - SELECT users.id, users.email, users.hashed_password, users.is_active, users.is_superuser, users.is_verified, users.first_name, users.last_name 
FROM users 
WHERE users.id = $1::INTEGER
2025-04-07 23:28:01,341 - sqlalchemy.engine.Engine - INFO - [generated in 0.00189s] (1,)
2025-04-07 23:28:01,808 - sqlalchemy.engine.Engine - INFO - COMMIT
2025-04-07 23:28:02,048 - sqlalchemy.engine.Engine - INFO - BEGIN (implicit)
2025-04-07 23:28:02,048 - sqlalchemy.engine.Engine - INFO - SELECT users.id, users.email, users.hashed_password, users.is_active, users.is_superuser, users.is_verified, users.first_name, users.last_name 
FROM users 
WHERE users.id = $1::INTEGER
2025-04-07 23:28:02,050 - sqlalchemy.engine.Engine - INFO - [cached since 0.711s ago] (1,)
2025-04-07 23:28:02,149 - sqlalchemy.engine.Engine - INFO - COMMIT
2025-04-07 23:28:23,274 - sqlalchemy.engine.Engine - INFO - BEGIN (implicit)
2025-04-07 23:28:23,274 - sqlalchemy.engine.Engine - INFO - SELECT users.id, users.email, users.hashed_password, users.is_active, users.is_superuser, users.is_verified, users.first_name, users.last_name 
FROM users 
WHERE users.id = $1::INTEGER
2025-04-07 23:28:23,274 - sqlalchemy.engine.Engine - INFO - [cached since 21.94s ago] (1,)
2025-04-07 23:28:23,414 - sqlalchemy.engine.Engine - INFO - COMMIT
2025-04-07 23:28:23,622 - sqlalchemy.engine.Engine - INFO - BEGIN (implicit)
2025-04-07 23:28:23,622 - sqlalchemy.engine.Engine - INFO - SELECT users.id, users.email, users.hashed_password, users.is_active, users.is_superuser, users.is_verified, users.first_name, users.last_name 
FROM users 
WHERE users.id = $1::INTEGER
2025-04-07 23:28:23,624 - sqlalchemy.engine.Engine - INFO - [cached since 22.29s ago] (1,)
2025-04-07 23:28:23,722 - app.api.research_router - ERROR - Error retrieving research result: 'NoneType' object is not subscriptable
2025-04-07 23:28:23,724 - sqlalchemy.engine.Engine - INFO - ROLLBACK
2025-04-07 23:32:42,314 - research_service - INFO - Initializing Celery worker
2025-04-07 23:33:08,178 - sqlalchemy.engine.Engine - INFO - select pg_catalog.version()
2025-04-07 23:33:08,178 - sqlalchemy.engine.Engine - INFO - [raw sql] ()
2025-04-07 23:33:08,351 - sqlalchemy.engine.Engine - INFO - select current_schema()
2025-04-07 23:33:08,351 - sqlalchemy.engine.Engine - INFO - [raw sql] ()
2025-04-07 23:33:08,661 - sqlalchemy.engine.Engine - INFO - show standard_conforming_strings
2025-04-07 23:33:08,662 - sqlalchemy.engine.Engine - INFO - [raw sql] ()
2025-04-07 23:33:09,160 - sqlalchemy.engine.Engine - INFO - BEGIN (implicit)
2025-04-07 23:33:09,169 - sqlalchemy.engine.Engine - INFO - SELECT users.id, users.email, users.hashed_password, users.is_active, users.is_superuser, users.is_verified, users.first_name, users.last_name 
FROM users 
WHERE users.id = $1::INTEGER
2025-04-07 23:33:09,170 - sqlalchemy.engine.Engine - INFO - [generated in 0.00126s] (1,)
2025-04-07 23:33:09,450 - sqlalchemy.engine.Engine - INFO - COMMIT
2025-04-07 23:33:09,848 - sqlalchemy.engine.Engine - INFO - BEGIN (implicit)
2025-04-07 23:33:09,849 - sqlalchemy.engine.Engine - INFO - SELECT users.id, users.email, users.hashed_password, users.is_active, users.is_superuser, users.is_verified, users.first_name, users.last_name 
FROM users 
WHERE users.id = $1::INTEGER
2025-04-07 23:33:09,850 - sqlalchemy.engine.Engine - INFO - [cached since 0.6802s ago] (1,)
2025-04-07 23:33:09,949 - sqlalchemy.engine.Engine - INFO - COMMIT
2025-04-07 23:36:16,430 - research_service - INFO - Initializing Celery worker
2025-04-08 00:02:17,385 - research_service - INFO - Initializing Celery worker
2025-04-08 00:02:50,760 - sqlalchemy.engine.Engine - INFO - select pg_catalog.version()
2025-04-08 00:02:50,762 - sqlalchemy.engine.Engine - INFO - [raw sql] ()
2025-04-08 00:02:50,952 - sqlalchemy.engine.Engine - INFO - select current_schema()
2025-04-08 00:02:50,952 - sqlalchemy.engine.Engine - INFO - [raw sql] ()
2025-04-08 00:02:51,139 - sqlalchemy.engine.Engine - INFO - show standard_conforming_strings
2025-04-08 00:02:51,140 - sqlalchemy.engine.Engine - INFO - [raw sql] ()
2025-04-08 00:02:51,272 - sqlalchemy.engine.Engine - INFO - BEGIN (implicit)
2025-04-08 00:02:51,282 - sqlalchemy.engine.Engine - INFO - SELECT users.id, users.email, users.hashed_password, users.is_active, users.is_superuser, users.is_verified, users.first_name, users.last_name 
FROM users 
WHERE users.id = $1::INTEGER
2025-04-08 00:02:51,283 - sqlalchemy.engine.Engine - INFO - [generated in 0.00164s] (1,)
2025-04-08 00:02:51,428 - sqlalchemy.engine.Engine - INFO - COMMIT
2025-04-08 00:02:51,642 - sqlalchemy.engine.Engine - INFO - BEGIN (implicit)
2025-04-08 00:02:51,643 - sqlalchemy.engine.Engine - INFO - SELECT users.id, users.email, users.hashed_password, users.is_active, users.is_superuser, users.is_verified, users.first_name, users.last_name 
FROM users 
WHERE users.id = $1::INTEGER
2025-04-08 00:02:51,645 - sqlalchemy.engine.Engine - INFO - [cached since 0.3633s ago] (1,)
2025-04-08 00:02:51,727 - sqlalchemy.engine.Engine - INFO - COMMIT
2025-04-08 00:03:12,148 - sqlalchemy.engine.Engine - INFO - BEGIN (implicit)
2025-04-08 00:03:12,149 - sqlalchemy.engine.Engine - INFO - SELECT users.id, users.email, users.hashed_password, users.is_active, users.is_superuser, users.is_verified, users.first_name, users.last_name 
FROM users 
WHERE users.id = $1::INTEGER
2025-04-08 00:03:12,150 - sqlalchemy.engine.Engine - INFO - [cached since 20.87s ago] (1,)
2025-04-08 00:03:12,306 - sqlalchemy.engine.Engine - INFO - COMMIT
2025-04-08 00:03:12,483 - sqlalchemy.engine.Engine - INFO - BEGIN (implicit)
2025-04-08 00:03:12,484 - sqlalchemy.engine.Engine - INFO - SELECT users.id, users.email, users.hashed_password, users.is_active, users.is_superuser, users.is_verified, users.first_name, users.last_name 
FROM users 
WHERE users.id = $1::INTEGER
2025-04-08 00:03:12,485 - sqlalchemy.engine.Engine - INFO - [cached since 21.2s ago] (1,)
2025-04-08 00:03:12,591 - sqlalchemy.engine.Engine - INFO - ROLLBACK
2025-04-08 00:07:04,075 - sqlalchemy.engine.Engine - INFO - select pg_catalog.version()
2025-04-08 00:07:04,076 - sqlalchemy.engine.Engine - INFO - [raw sql] ()
2025-04-08 00:07:04,246 - sqlalchemy.engine.Engine - INFO - select current_schema()
2025-04-08 00:07:04,247 - sqlalchemy.engine.Engine - INFO - [raw sql] ()
2025-04-08 00:07:04,412 - sqlalchemy.engine.Engine - INFO - show standard_conforming_strings
2025-04-08 00:07:04,413 - sqlalchemy.engine.Engine - INFO - [raw sql] ()
2025-04-08 00:07:04,537 - sqlalchemy.engine.Engine - INFO - BEGIN (implicit)
2025-04-08 00:07:04,547 - sqlalchemy.engine.Engine - INFO - SELECT users.id, users.email, users.hashed_password, users.is_active, users.is_superuser, users.is_verified, users.first_name, users.last_name 
FROM users 
WHERE users.id = $1::INTEGER
2025-04-08 00:07:04,548 - sqlalchemy.engine.Engine - INFO - [generated in 0.00148s] (1,)
2025-04-08 00:07:04,675 - sqlalchemy.engine.Engine - INFO - COMMIT
2025-04-08 00:07:04,883 - sqlalchemy.engine.Engine - INFO - BEGIN (implicit)
2025-04-08 00:07:04,884 - sqlalchemy.engine.Engine - INFO - SELECT users.id, users.email, users.hashed_password, users.is_active, users.is_superuser, users.is_verified, users.first_name, users.last_name 
FROM users 
WHERE users.id = $1::INTEGER
2025-04-08 00:07:04,885 - sqlalchemy.engine.Engine - INFO - [cached since 0.3388s ago] (1,)
2025-04-08 00:07:04,966 - sqlalchemy.engine.Engine - INFO - COMMIT
2025-04-08 00:07:20,538 - sqlalchemy.engine.Engine - INFO - BEGIN (implicit)
2025-04-08 00:07:20,539 - sqlalchemy.engine.Engine - INFO - SELECT users.id, users.email, users.hashed_password, users.is_active, users.is_superuser, users.is_verified, users.first_name, users.last_name 
FROM users 
WHERE users.id = $1::INTEGER
2025-04-08 00:07:20,540 - sqlalchemy.engine.Engine - INFO - [cached since 15.99s ago] (1,)
2025-04-08 00:07:20,712 - sqlalchemy.engine.Engine - INFO - COMMIT
2025-04-08 00:07:20,884 - sqlalchemy.engine.Engine - INFO - BEGIN (implicit)
2025-04-08 00:07:20,885 - sqlalchemy.engine.Engine - INFO - SELECT users.id, users.email, users.hashed_password, users.is_active, users.is_superuser, users.is_verified, users.first_name, users.last_name 
FROM users 
WHERE users.id = $1::INTEGER
2025-04-08 00:07:20,886 - sqlalchemy.engine.Engine - INFO - [cached since 16.34s ago] (1,)
2025-04-08 00:07:20,988 - sqlalchemy.engine.Engine - INFO - ROLLBACK
2025-04-08 00:09:18,226 - sqlalchemy.engine.Engine - INFO - select pg_catalog.version()
2025-04-08 00:09:18,227 - sqlalchemy.engine.Engine - INFO - [raw sql] ()
2025-04-08 00:09:18,399 - sqlalchemy.engine.Engine - INFO - select current_schema()
2025-04-08 00:09:18,400 - sqlalchemy.engine.Engine - INFO - [raw sql] ()
2025-04-08 00:09:18,569 - sqlalchemy.engine.Engine - INFO - show standard_conforming_strings
2025-04-08 00:09:18,570 - sqlalchemy.engine.Engine - INFO - [raw sql] ()
2025-04-08 00:09:18,699 - sqlalchemy.engine.Engine - INFO - BEGIN (implicit)
2025-04-08 00:09:18,709 - sqlalchemy.engine.Engine - INFO - SELECT users.id, users.email, users.hashed_password, users.is_active, users.is_superuser, users.is_verified, users.first_name, users.last_name 
FROM users 
WHERE users.id = $1::INTEGER
2025-04-08 00:09:18,710 - sqlalchemy.engine.Engine - INFO - [generated in 0.00126s] (1,)
2025-04-08 00:09:18,840 - sqlalchemy.engine.Engine - INFO - COMMIT
2025-04-08 00:09:19,060 - sqlalchemy.engine.Engine - INFO - BEGIN (implicit)
2025-04-08 00:09:19,060 - sqlalchemy.engine.Engine - INFO - SELECT users.id, users.email, users.hashed_password, users.is_active, users.is_superuser, users.is_verified, users.first_name, users.last_name 
FROM users 
WHERE users.id = $1::INTEGER
2025-04-08 00:09:19,062 - sqlalchemy.engine.Engine - INFO - [cached since 0.3533s ago] (1,)
2025-04-08 00:09:19,147 - sqlalchemy.engine.Engine - INFO - COMMIT
2025-04-08 00:09:45,368 - sqlalchemy.engine.Engine - INFO - BEGIN (implicit)
2025-04-08 00:09:45,369 - sqlalchemy.engine.Engine - INFO - SELECT users.id, users.email, users.hashed_password, users.is_active, users.is_superuser, users.is_verified, users.first_name, users.last_name 
FROM users 
WHERE users.id = $1::INTEGER
2025-04-08 00:09:45,370 - sqlalchemy.engine.Engine - INFO - [cached since 26.66s ago] (1,)
2025-04-08 00:09:45,528 - sqlalchemy.engine.Engine - INFO - COMMIT
2025-04-08 00:09:45,707 - sqlalchemy.engine.Engine - INFO - BEGIN (implicit)
2025-04-08 00:09:45,708 - sqlalchemy.engine.Engine - INFO - SELECT users.id, users.email, users.hashed_password, users.is_active, users.is_superuser, users.is_verified, users.first_name, users.last_name 
FROM users 
WHERE users.id = $1::INTEGER
2025-04-08 00:09:45,709 - sqlalchemy.engine.Engine - INFO - [cached since 27s ago] (1,)
2025-04-08 00:09:45,804 - sqlalchemy.engine.Engine - INFO - COMMIT
2025-04-08 00:12:03,797 - sqlalchemy.engine.Engine - INFO - select pg_catalog.version()
2025-04-08 00:12:03,798 - sqlalchemy.engine.Engine - INFO - [raw sql] ()
2025-04-08 00:12:03,977 - sqlalchemy.engine.Engine - INFO - select current_schema()
2025-04-08 00:12:03,978 - sqlalchemy.engine.Engine - INFO - [raw sql] ()
2025-04-08 00:12:04,153 - sqlalchemy.engine.Engine - INFO - show standard_conforming_strings
2025-04-08 00:12:04,153 - sqlalchemy.engine.Engine - INFO - [raw sql] ()
2025-04-08 00:12:04,279 - sqlalchemy.engine.Engine - INFO - BEGIN (implicit)
2025-04-08 00:12:04,288 - sqlalchemy.engine.Engine - INFO - SELECT users.id, users.email, users.hashed_password, users.is_active, users.is_superuser, users.is_verified, users.first_name, users.last_name 
FROM users 
WHERE users.id = $1::INTEGER
2025-04-08 00:12:04,289 - sqlalchemy.engine.Engine - INFO - [generated in 0.00091s] (1,)
2025-04-08 00:12:04,421 - sqlalchemy.engine.Engine - INFO - COMMIT
2025-04-08 00:12:04,637 - sqlalchemy.engine.Engine - INFO - BEGIN (implicit)
2025-04-08 00:12:04,638 - sqlalchemy.engine.Engine - INFO - SELECT users.id, users.email, users.hashed_password, users.is_active, users.is_superuser, users.is_verified, users.first_name, users.last_name 
FROM users 
WHERE users.id = $1::INTEGER
2025-04-08 00:12:04,639 - sqlalchemy.engine.Engine - INFO - [cached since 0.3506s ago] (1,)
2025-04-08 00:12:04,724 - sqlalchemy.engine.Engine - INFO - COMMIT
2025-04-08 00:12:23,665 - sqlalchemy.engine.Engine - INFO - BEGIN (implicit)
2025-04-08 00:12:23,665 - sqlalchemy.engine.Engine - INFO - SELECT users.id, users.email, users.hashed_password, users.is_active, users.is_superuser, users.is_verified, users.first_name, users.last_name 
FROM users 
WHERE users.id = $1::INTEGER
2025-04-08 00:12:23,667 - sqlalchemy.engine.Engine - INFO - [cached since 19.38s ago] (1,)
2025-04-08 00:12:23,793 - sqlalchemy.engine.Engine - INFO - COMMIT
2025-04-08 00:12:23,970 - sqlalchemy.engine.Engine - INFO - BEGIN (implicit)
2025-04-08 00:12:23,971 - sqlalchemy.engine.Engine - INFO - SELECT users.id, users.email, users.hashed_password, users.is_active, users.is_superuser, users.is_verified, users.first_name, users.last_name 
FROM users 
WHERE users.id = $1::INTEGER
2025-04-08 00:12:23,972 - sqlalchemy.engine.Engine - INFO - [cached since 19.68s ago] (1,)
2025-04-08 00:12:24,070 - sqlalchemy.engine.Engine - INFO - COMMIT
2025-04-08 00:14:15,230 - sqlalchemy.engine.Engine - INFO - select pg_catalog.version()
2025-04-08 00:14:15,231 - sqlalchemy.engine.Engine - INFO - [raw sql] ()
2025-04-08 00:14:15,380 - sqlalchemy.engine.Engine - INFO - select current_schema()
2025-04-08 00:14:15,381 - sqlalchemy.engine.Engine - INFO - [raw sql] ()
2025-04-08 00:14:15,527 - sqlalchemy.engine.Engine - INFO - show standard_conforming_strings
2025-04-08 00:14:15,528 - sqlalchemy.engine.Engine - INFO - [raw sql] ()
2025-04-08 00:14:15,644 - sqlalchemy.engine.Engine - INFO - BEGIN (implicit)
2025-04-08 00:14:15,653 - sqlalchemy.engine.Engine - INFO - SELECT users.id, users.email, users.hashed_password, users.is_active, users.is_superuser, users.is_verified, users.first_name, users.last_name 
FROM users 
WHERE users.id = $1::INTEGER
2025-04-08 00:14:15,654 - sqlalchemy.engine.Engine - INFO - [generated in 0.00107s] (1,)
2025-04-08 00:14:15,777 - sqlalchemy.engine.Engine - INFO - COMMIT
2025-04-08 00:14:15,972 - sqlalchemy.engine.Engine - INFO - BEGIN (implicit)
2025-04-08 00:14:15,973 - sqlalchemy.engine.Engine - INFO - SELECT users.id, users.email, users.hashed_password, users.is_active, users.is_superuser, users.is_verified, users.first_name, users.last_name 
FROM users 
WHERE users.id = $1::INTEGER
2025-04-08 00:14:15,973 - sqlalchemy.engine.Engine - INFO - [cached since 0.3202s ago] (1,)
2025-04-08 00:14:16,056 - sqlalchemy.engine.Engine - INFO - COMMIT
2025-04-08 00:14:39,055 - sqlalchemy.engine.Engine - INFO - BEGIN (implicit)
2025-04-08 00:14:39,056 - sqlalchemy.engine.Engine - INFO - SELECT users.id, users.email, users.hashed_password, users.is_active, users.is_superuser, users.is_verified, users.first_name, users.last_name 
FROM users 
WHERE users.id = $1::INTEGER
2025-04-08 00:14:39,058 - sqlalchemy.engine.Engine - INFO - [cached since 23.4s ago] (1,)
2025-04-08 00:14:39,214 - sqlalchemy.engine.Engine - INFO - COMMIT
2025-04-08 00:14:39,374 - sqlalchemy.engine.Engine - INFO - BEGIN (implicit)
2025-04-08 00:14:39,374 - sqlalchemy.engine.Engine - INFO - SELECT users.id, users.email, users.hashed_password, users.is_active, users.is_superuser, users.is_verified, users.first_name, users.last_name 
FROM users 
WHERE users.id = $1::INTEGER
2025-04-08 00:14:39,376 - sqlalchemy.engine.Engine - INFO - [cached since 23.72s ago] (1,)
2025-04-08 00:14:39,571 - sqlalchemy.engine.Engine - INFO - COMMIT
2025-04-08 00:16:53,920 - research_service - INFO - Initializing Celery worker
2025-04-08 00:22:12,404 - research_service - INFO - Initializing Celery worker
2025-04-08 00:22:51,167 - research_service - INFO - Initializing Celery worker
2025-04-08 00:23:02,835 - sqlalchemy.engine.Engine - INFO - select pg_catalog.version()
2025-04-08 00:23:02,836 - sqlalchemy.engine.Engine - INFO - [raw sql] ()
2025-04-08 00:23:03,012 - sqlalchemy.engine.Engine - INFO - select current_schema()
2025-04-08 00:23:03,013 - sqlalchemy.engine.Engine - INFO - [raw sql] ()
2025-04-08 00:23:03,185 - sqlalchemy.engine.Engine - INFO - show standard_conforming_strings
2025-04-08 00:23:03,186 - sqlalchemy.engine.Engine - INFO - [raw sql] ()
2025-04-08 00:23:03,317 - sqlalchemy.engine.Engine - INFO - BEGIN (implicit)
2025-04-08 00:23:03,327 - sqlalchemy.engine.Engine - INFO - SELECT users.id, users.email, users.hashed_password, users.is_active, users.is_superuser, users.is_verified, users.first_name, users.last_name 
FROM users 
WHERE users.id = $1::INTEGER
2025-04-08 00:23:03,328 - sqlalchemy.engine.Engine - INFO - [generated in 0.00200s] (1,)
2025-04-08 00:23:03,467 - sqlalchemy.engine.Engine - INFO - COMMIT
2025-04-08 00:23:03,694 - sqlalchemy.engine.Engine - INFO - BEGIN (implicit)
2025-04-08 00:23:03,695 - sqlalchemy.engine.Engine - INFO - SELECT users.id, users.email, users.hashed_password, users.is_active, users.is_superuser, users.is_verified, users.first_name, users.last_name 
FROM users 
WHERE users.id = $1::INTEGER
2025-04-08 00:23:03,696 - sqlalchemy.engine.Engine - INFO - [cached since 0.3693s ago] (1,)
2025-04-08 00:23:03,784 - sqlalchemy.engine.Engine - INFO - COMMIT
2025-04-08 00:23:19,511 - sqlalchemy.engine.Engine - INFO - BEGIN (implicit)
2025-04-08 00:23:19,512 - sqlalchemy.engine.Engine - INFO - SELECT users.id, users.email, users.hashed_password, users.is_active, users.is_superuser, users.is_verified, users.first_name, users.last_name 
FROM users 
WHERE users.id = $1::INTEGER
2025-04-08 00:23:19,513 - sqlalchemy.engine.Engine - INFO - [cached since 16.19s ago] (1,)
2025-04-08 00:23:19,660 - sqlalchemy.engine.Engine - INFO - COMMIT
2025-04-08 00:23:19,840 - sqlalchemy.engine.Engine - INFO - BEGIN (implicit)
2025-04-08 00:23:19,840 - sqlalchemy.engine.Engine - INFO - SELECT users.id, users.email, users.hashed_password, users.is_active, users.is_superuser, users.is_verified, users.first_name, users.last_name 
FROM users 
WHERE users.id = $1::INTEGER
2025-04-08 00:23:19,842 - sqlalchemy.engine.Engine - INFO - [cached since 16.52s ago] (1,)
2025-04-08 00:23:19,934 - sqlalchemy.engine.Engine - INFO - COMMIT
2025-04-08 00:26:26,102 - sqlalchemy.engine.Engine - INFO - select pg_catalog.version()
2025-04-08 00:26:26,104 - sqlalchemy.engine.Engine - INFO - [raw sql] ()
2025-04-08 00:26:26,270 - sqlalchemy.engine.Engine - INFO - select current_schema()
2025-04-08 00:26:26,270 - sqlalchemy.engine.Engine - INFO - [raw sql] ()
2025-04-08 00:26:26,437 - sqlalchemy.engine.Engine - INFO - show standard_conforming_strings
2025-04-08 00:26:26,438 - sqlalchemy.engine.Engine - INFO - [raw sql] ()
2025-04-08 00:26:26,564 - sqlalchemy.engine.Engine - INFO - BEGIN (implicit)
2025-04-08 00:26:26,574 - sqlalchemy.engine.Engine - INFO - SELECT users.id, users.email, users.hashed_password, users.is_active, users.is_superuser, users.is_verified, users.first_name, users.last_name 
FROM users 
WHERE users.id = $1::INTEGER
2025-04-08 00:26:26,576 - sqlalchemy.engine.Engine - INFO - [generated in 0.00223s] (1,)
2025-04-08 00:26:26,704 - sqlalchemy.engine.Engine - INFO - COMMIT
2025-04-08 00:26:26,919 - sqlalchemy.engine.Engine - INFO - BEGIN (implicit)
2025-04-08 00:26:26,920 - sqlalchemy.engine.Engine - INFO - SELECT users.id, users.email, users.hashed_password, users.is_active, users.is_superuser, users.is_verified, users.first_name, users.last_name 
FROM users 
WHERE users.id = $1::INTEGER
2025-04-08 00:26:26,922 - sqlalchemy.engine.Engine - INFO - [cached since 0.3481s ago] (1,)
2025-04-08 00:26:27,004 - sqlalchemy.engine.Engine - INFO - COMMIT
2025-04-08 00:26:47,854 - sqlalchemy.engine.Engine - INFO - BEGIN (implicit)
2025-04-08 00:26:47,855 - sqlalchemy.engine.Engine - INFO - SELECT users.id, users.email, users.hashed_password, users.is_active, users.is_superuser, users.is_verified, users.first_name, users.last_name 
FROM users 
WHERE users.id = $1::INTEGER
2025-04-08 00:26:47,856 - sqlalchemy.engine.Engine - INFO - [cached since 21.28s ago] (1,)
2025-04-08 00:26:47,987 - sqlalchemy.engine.Engine - INFO - COMMIT
2025-04-08 00:26:48,163 - sqlalchemy.engine.Engine - INFO - BEGIN (implicit)
2025-04-08 00:26:48,163 - sqlalchemy.engine.Engine - INFO - SELECT users.id, users.email, users.hashed_password, users.is_active, users.is_superuser, users.is_verified, users.first_name, users.last_name 
FROM users 
WHERE users.id = $1::INTEGER
2025-04-08 00:26:48,165 - sqlalchemy.engine.Engine - INFO - [cached since 21.59s ago] (1,)
2025-04-08 00:26:48,260 - app.api.research_router - INFO - Task state: SUCCESS, Info: None, Result: None
2025-04-08 00:26:48,261 - sqlalchemy.engine.Engine - INFO - COMMIT
2025-04-08 00:32:44,428 - research_service - INFO - Initializing Celery worker
2025-04-08 00:33:27,226 - research_service - INFO - Initializing Celery worker
2025-04-08 00:41:51,214 - sqlalchemy.engine.Engine - INFO - select pg_catalog.version()
2025-04-08 00:41:51,215 - sqlalchemy.engine.Engine - INFO - [raw sql] ()
2025-04-08 00:41:51,376 - sqlalchemy.engine.Engine - INFO - select current_schema()
2025-04-08 00:41:51,377 - sqlalchemy.engine.Engine - INFO - [raw sql] ()
2025-04-08 00:41:51,538 - sqlalchemy.engine.Engine - INFO - show standard_conforming_strings
2025-04-08 00:41:51,539 - sqlalchemy.engine.Engine - INFO - [raw sql] ()
2025-04-08 00:41:51,659 - sqlalchemy.engine.Engine - INFO - BEGIN (implicit)
2025-04-08 00:41:51,668 - sqlalchemy.engine.Engine - INFO - SELECT users.id, users.email, users.hashed_password, users.is_active, users.is_superuser, users.is_verified, users.first_name, users.last_name 
FROM users 
WHERE lower(users.email) = lower($1::VARCHAR)
2025-04-08 00:41:51,669 - sqlalchemy.engine.Engine - INFO - [generated in 0.00135s] ('artofworkflows@gmail.com',)
2025-04-08 00:41:51,859 - sqlalchemy.engine.Engine - INFO - COMMIT
2025-04-08 00:41:52,095 - sqlalchemy.engine.Engine - INFO - BEGIN (implicit)
2025-04-08 00:41:52,097 - sqlalchemy.engine.Engine - INFO - SELECT users.id, users.email, users.hashed_password, users.is_active, users.is_superuser, users.is_verified, users.first_name, users.last_name 
FROM users 
WHERE users.id = $1::INTEGER
2025-04-08 00:41:52,100 - sqlalchemy.engine.Engine - INFO - [generated in 0.00226s] (1,)
2025-04-08 00:41:52,222 - sqlalchemy.engine.Engine - INFO - COMMIT
2025-04-08 00:42:17,723 - app.api.research_router - ERROR - Task 4566228d-d946-415c-8c74-5640fc43207e failed: run_deep_research_task() missing 1 required positional argument: 'query'
2025-04-08 00:44:24,597 - sqlalchemy.engine.Engine - INFO - select pg_catalog.version()
2025-04-08 00:44:24,598 - sqlalchemy.engine.Engine - INFO - [raw sql] ()
2025-04-08 00:44:24,747 - sqlalchemy.engine.Engine - INFO - select current_schema()
2025-04-08 00:44:24,748 - sqlalchemy.engine.Engine - INFO - [raw sql] ()
2025-04-08 00:44:24,902 - sqlalchemy.engine.Engine - INFO - show standard_conforming_strings
2025-04-08 00:44:24,903 - sqlalchemy.engine.Engine - INFO - [raw sql] ()
2025-04-08 00:44:25,023 - sqlalchemy.engine.Engine - INFO - BEGIN (implicit)
2025-04-08 00:44:25,037 - sqlalchemy.engine.Engine - INFO - SELECT users.id, users.email, users.hashed_password, users.is_active, users.is_superuser, users.is_verified, users.first_name, users.last_name 
FROM users 
WHERE users.id = $1::INTEGER
2025-04-08 00:44:25,039 - sqlalchemy.engine.Engine - INFO - [generated in 0.00165s] (1,)
2025-04-08 00:44:25,163 - sqlalchemy.engine.Engine - INFO - COMMIT
2025-04-08 00:44:25,350 - sqlalchemy.engine.Engine - INFO - BEGIN (implicit)
2025-04-08 00:44:25,351 - sqlalchemy.engine.Engine - INFO - SELECT users.id, users.email, users.hashed_password, users.is_active, users.is_superuser, users.is_verified, users.first_name, users.last_name 
FROM users 
WHERE users.id = $1::INTEGER
2025-04-08 00:44:25,352 - sqlalchemy.engine.Engine - INFO - [cached since 0.3151s ago] (1,)
2025-04-08 00:44:25,431 - sqlalchemy.engine.Engine - INFO - COMMIT
2025-04-08 00:44:41,325 - app.api.research_router - ERROR - Task 18ffad5b-745c-4327-b31d-d56a04cc5ba8 failed: run_deep_research_task() missing 1 required positional argument: 'query'
2025-04-08 00:49:11,956 - research_service - INFO - Initializing Celery worker
2025-04-08 00:49:29,021 - sqlalchemy.engine.Engine - INFO - select pg_catalog.version()
2025-04-08 00:49:29,021 - sqlalchemy.engine.Engine - INFO - [raw sql] ()
2025-04-08 00:49:29,173 - sqlalchemy.engine.Engine - INFO - select current_schema()
2025-04-08 00:49:29,174 - sqlalchemy.engine.Engine - INFO - [raw sql] ()
2025-04-08 00:49:29,347 - sqlalchemy.engine.Engine - INFO - show standard_conforming_strings
2025-04-08 00:49:29,347 - sqlalchemy.engine.Engine - INFO - [raw sql] ()
2025-04-08 00:49:29,483 - sqlalchemy.engine.Engine - INFO - BEGIN (implicit)
2025-04-08 00:49:29,492 - sqlalchemy.engine.Engine - INFO - SELECT users.id, users.email, users.hashed_password, users.is_active, users.is_superuser, users.is_verified, users.first_name, users.last_name 
FROM users 
WHERE users.id = $1::INTEGER
2025-04-08 00:49:29,494 - sqlalchemy.engine.Engine - INFO - [generated in 0.00220s] (1,)
2025-04-08 00:49:29,618 - sqlalchemy.engine.Engine - INFO - COMMIT
2025-04-08 00:49:29,828 - sqlalchemy.engine.Engine - INFO - BEGIN (implicit)
2025-04-08 00:49:29,829 - sqlalchemy.engine.Engine - INFO - SELECT users.id, users.email, users.hashed_password, users.is_active, users.is_superuser, users.is_verified, users.first_name, users.last_name 
FROM users 
WHERE users.id = $1::INTEGER
2025-04-08 00:49:29,829 - sqlalchemy.engine.Engine - INFO - [cached since 0.3368s ago] (1,)
2025-04-08 00:49:29,906 - sqlalchemy.engine.Engine - INFO - COMMIT
2025-04-08 00:49:52,621 - app.api.research_router - ERROR - Error retrieving research result: Exception information must include the exception type
2025-04-08 00:53:54,059 - research_service - INFO - Initializing Celery worker
2025-04-08 00:54:03,993 - research_service - INFO - Initializing Celery worker
2025-04-08 00:54:16,930 - research_service - INFO - Initializing Celery worker
2025-04-08 00:57:38,898 - research_service - INFO - Initializing Celery worker
2025-04-08 00:58:48,069 - research_service - INFO - Initializing Celery worker
2025-04-08 00:59:19,405 - research_service - INFO - Initializing Celery worker
2025-04-08 01:03:59,582 - research_service - INFO - Initializing Celery worker
2025-04-08 01:05:13,791 - sqlalchemy.engine.Engine - INFO - select pg_catalog.version()
2025-04-08 01:05:13,792 - sqlalchemy.engine.Engine - INFO - [raw sql] ()
2025-04-08 01:05:13,965 - sqlalchemy.engine.Engine - INFO - select current_schema()
2025-04-08 01:05:13,965 - sqlalchemy.engine.Engine - INFO - [raw sql] ()
2025-04-08 01:05:14,133 - sqlalchemy.engine.Engine - INFO - show standard_conforming_strings
2025-04-08 01:05:14,134 - sqlalchemy.engine.Engine - INFO - [raw sql] ()
2025-04-08 01:05:14,258 - sqlalchemy.engine.Engine - INFO - BEGIN (implicit)
2025-04-08 01:05:14,268 - sqlalchemy.engine.Engine - INFO - SELECT users.id, users.email, users.hashed_password, users.is_active, users.is_superuser, users.is_verified, users.first_name, users.last_name 
FROM users 
WHERE users.id = $1::INTEGER
2025-04-08 01:05:14,268 - sqlalchemy.engine.Engine - INFO - [generated in 0.00092s] (1,)
2025-04-08 01:05:14,419 - sqlalchemy.engine.Engine - INFO - COMMIT
2025-04-08 01:05:14,629 - sqlalchemy.engine.Engine - INFO - BEGIN (implicit)
2025-04-08 01:05:14,630 - sqlalchemy.engine.Engine - INFO - SELECT users.id, users.email, users.hashed_password, users.is_active, users.is_superuser, users.is_verified, users.first_name, users.last_name 
FROM users 
WHERE users.id = $1::INTEGER
2025-04-08 01:05:14,631 - sqlalchemy.engine.Engine - INFO - [cached since 0.3633s ago] (1,)
2025-04-08 01:05:14,715 - sqlalchemy.engine.Engine - INFO - COMMIT
2025-04-08 01:05:22,079 - research_service - INFO - Initializing Celery worker
2025-04-08 01:06:23,520 - research_service - INFO - Initializing Celery worker
2025-04-08 01:09:01,149 - research_service - INFO - Initializing Celery worker
2025-04-08 01:12:20,450 - research_service - INFO - Initializing Celery worker
2025-04-08 01:13:57,555 - celery.utils.dispatch.signal - ERROR - Signal handler <promise@0x1dc5ebf14f0 --> <bound method Celery._autodiscover_tasks of <Celery research_worker at 0x1dc5ebeea50>>> raised: ImportError("cannot import name 'get_async_session' from 'app.core.db' (C:\\Users\\ronni\\Rebecca\\rebecca-ai\\backend\\app\\core\\db.py)")
Traceback (most recent call last):
  File "C:\Users\ronni\Rebecca\rebecca-ai\backend\.venv\Lib\site-packages\celery\utils\dispatch\signal.py", line 280, in send
    response = receiver(signal=self, sender=sender, **named)
               ^^^^^^^^^^^^^^^^^^^^^^^^^^^^^^^^^^^^^^^^^^^^^
  File "C:\Users\ronni\Rebecca\rebecca-ai\backend\.venv\Lib\site-packages\vine\promises.py", line 161, in __call__
    return self.throw()
           ^^^^^^^^^^^^
  File "C:\Users\ronni\Rebecca\rebecca-ai\backend\.venv\Lib\site-packages\vine\promises.py", line 158, in __call__
    retval = fun(*final_args, **final_kwargs)
             ^^^^^^^^^^^^^^^^^^^^^^^^^^^^^^^^
  File "C:\Users\ronni\Rebecca\rebecca-ai\backend\.venv\Lib\site-packages\celery\app\base.py", line 787, in _autodiscover_tasks
    return self._autodiscover_tasks_from_names(packages, related_name)
           ^^^^^^^^^^^^^^^^^^^^^^^^^^^^^^^^^^^^^^^^^^^^^^^^^^^^^^^^^^^
  File "C:\Users\ronni\Rebecca\rebecca-ai\backend\.venv\Lib\site-packages\celery\app\base.py", line 792, in _autodiscover_tasks_from_names
    return self.loader.autodiscover_tasks(
           ^^^^^^^^^^^^^^^^^^^^^^^^^^^^^^^
  File "C:\Users\ronni\Rebecca\rebecca-ai\backend\.venv\Lib\site-packages\celery\loaders\base.py", line 220, in autodiscover_tasks
    mod.__name__ for mod in autodiscover_tasks(packages or (),
                            ^^^^^^^^^^^^^^^^^^^^^^^^^^^^^^^^^^
  File "C:\Users\ronni\Rebecca\rebecca-ai\backend\.venv\Lib\site-packages\celery\loaders\base.py", line 246, in autodiscover_tasks
    return [find_related_module(pkg, related_name) for pkg in packages]
            ^^^^^^^^^^^^^^^^^^^^^^^^^^^^^^^^^^^^^^
  File "C:\Users\ronni\Rebecca\rebecca-ai\backend\.venv\Lib\site-packages\celery\loaders\base.py", line 257, in find_related_module
    module = importlib.import_module(package)
             ^^^^^^^^^^^^^^^^^^^^^^^^^^^^^^^^
  File "C:\Users\ronni\AppData\Local\Programs\Python\Python312\Lib\importlib\__init__.py", line 90, in import_module
    return _bootstrap._gcd_import(name[level:], package, level)
           ^^^^^^^^^^^^^^^^^^^^^^^^^^^^^^^^^^^^^^^^^^^^^^^^^^^^
  File "<frozen importlib._bootstrap>", line 1387, in _gcd_import
  File "<frozen importlib._bootstrap>", line 1360, in _find_and_load
  File "<frozen importlib._bootstrap>", line 1331, in _find_and_load_unlocked
  File "<frozen importlib._bootstrap>", line 935, in _load_unlocked
  File "<frozen importlib._bootstrap_external>", line 995, in exec_module
  File "<frozen importlib._bootstrap>", line 488, in _call_with_frames_removed
  File "C:\Users\ronni\Rebecca\rebecca-ai\backend\app\services\tasks.py", line 9, in <module>
    from app.core.db import get_async_session
ImportError: cannot import name 'get_async_session' from 'app.core.db' (C:\Users\ronni\Rebecca\rebecca-ai\backend\app\core\db.py)
